<?xml version="1.0" encoding="UTF-8"?>
<!-- Generated by org.testng.reporters.JUnitReportReporter -->
<testsuite hostname="DESKTOP-LLHP6KB" failures="0" tests="8" name="WafiLifePagesTests.WafiLifeTest" time="180.108" errors="0" timestamp="2023-04-23T02:05:37 BDT" skipped="0">
  <testcase classname="WafiLifePagesTests.WafiLifeTest" name="checkOutPageInputAddress" time="25.604"/>
  <system-out/>
  <testcase classname="WafiLifePagesTests.WafiLifeTest" name="orderBook" time="20.218"/>
  <system-out/>
  <testcase classname="WafiLifePagesTests.WafiLifeTest" name="selectAuthor" time="13.441"/>
  <system-out/>
  <testcase classname="WafiLifePagesTests.WafiLifeTest" name="checkOutPageInput" time="21.425"/>
  <system-out/>
  <testcase classname="WafiLifePagesTests.WafiLifeTest" name="selectABook" time="18.527"/>
  <system-out/>
  <testcase classname="WafiLifePagesTests.WafiLifeTest" name="goWafilifeHomepageTest" time="25.083"/>
  <system-out/>
  <testcase classname="WafiLifePagesTests.WafiLifeTest" name="goNextPageTest" time="27.958"/>
  <system-out/>
  <testcase classname="WafiLifePagesTests.WafiLifeTest" name="clickOnWriterMenu" time="27.852"/>
  <system-out/>
</testsuite> <!-- WafiLifePagesTests.WafiLifeTest -->
