<?xml version="1.0" encoding="UTF-8"?>
<!-- Generated by org.testng.reporters.JUnitReportReporter -->
<testsuite hostname="DESKTOP-LLHP6KB" failures="0" tests="5" name="WafiLifePagesTests.WafiLifeTest" time="32.573" errors="0" timestamp="2023-04-20T04:14:48 BDT" skipped="0">
  <testcase classname="WafiLifePagesTests.WafiLifeTest" name="goWafilifeHomepageTest" time="5.951"/>
  <system-out/>
  <testcase classname="WafiLifePagesTests.WafiLifeTest" name="clickOnWriterMenu" time="6.711"/>
  <system-out/>
  <testcase classname="WafiLifePagesTests.WafiLifeTest" name="selectABook" time="7.408"/>
  <system-out/>
  <testcase classname="WafiLifePagesTests.WafiLifeTest" name="selectAuthor" time="4.362"/>
  <system-out/>
  <testcase classname="WafiLifePagesTests.WafiLifeTest" name="goNextPageTest" time="8.141"/>
  <system-out/>
</testsuite> <!-- WafiLifePagesTests.WafiLifeTest -->
