<?xml version="1.0" encoding="UTF-8"?>
<!-- Generated by org.testng.reporters.JUnitReportReporter -->
<testsuite hostname="DESKTOP-LLHP6KB" failures="0" tests="1" name="WafiLifePagesTests.WafiLifeTest" time="111.502" errors="0" timestamp="2023-04-07T17:39:46 BDT" skipped="0">
  <testcase classname="WafiLifePagesTests.WafiLifeTest" name="wafiLifeTestCases" time="111.502"/>
  <system-out/>
</testsuite> <!-- WafiLifePagesTests.WafiLifeTest -->
