<?xml version="1.0" encoding="UTF-8"?>
<!-- Generated by org.testng.reporters.JUnitReportReporter -->
<testsuite hostname="DESKTOP-LLHP6KB" failures="0" tests="1" name="WafiLifePagesTests.WafiLifeTest" time="108.163" errors="0" timestamp="2023-04-09T02:47:12 BDT" skipped="0">
  <testcase classname="WafiLifePagesTests.WafiLifeTest" name="wafiLifeTestCases" time="108.163"/>
  <system-out/>
</testsuite> <!-- WafiLifePagesTests.WafiLifeTest -->
