<?xml version="1.0" encoding="UTF-8"?>
<!-- Generated by org.testng.reporters.JUnitReportReporter -->
<testsuite hostname="DESKTOP-LLHP6KB" failures="0" tests="4" name="WafiLifePagesTests.WafiLifeTest" time="26.760" errors="0" timestamp="2023-04-18T12:44:21 BDT" skipped="0">
  <testcase classname="WafiLifePagesTests.WafiLifeTest" name="clickOnWriterMenu" time="7.076"/>
  <system-out/>
  <testcase classname="WafiLifePagesTests.WafiLifeTest" name="goNextPageTest" time="7.164"/>
  <system-out/>
  <testcase classname="WafiLifePagesTests.WafiLifeTest" name="goWafilifeHomepageTest" time="7.718"/>
  <system-out/>
  <testcase classname="WafiLifePagesTests.WafiLifeTest" name="selectAuthor" time="4.802"/>
  <system-out/>
</testsuite> <!-- WafiLifePagesTests.WafiLifeTest -->
